<?xml version="1.0" encoding="UTF-8"?>
<!-- Generated by org.testng.reporters.JUnitReportReporter -->
<testsuite hostname="madhamoh" name="MicroServices.CodeTestSelenium.ExtractText" tests="1" failures="0" timestamp="12 Aug 2019 04:26:47 GMT" time="13.852" errors="0">
  <testcase name="Extract_Placeholdertext" time="13.852" classname="MicroServices.CodeTestSelenium.ExtractText"/>
</testsuite> <!-- MicroServices.CodeTestSelenium.ExtractText -->
